<?xml version="1.0" encoding="UTF-8"?>
<!-- Generated by org.testng.reporters.JUnitReportReporter -->
<testsuite skipped="0" hostname="SHVLSP1556F1D" name="com.aia.join.qa.testcases.PersonalAndContactInformationPageTest" tests="1" failures="0" timestamp="31 Jan 2018 10:25:35 GMT" time="34.311" errors="0">
  <testcase name="getPCDetailsFromExcelandEnterData" time="34.311" classname="com.aia.join.qa.testcases.PersonalAndContactInformationPageTest"/>
</testsuite> <!-- com.aia.join.qa.testcases.PersonalAndContactInformationPageTest -->
