<?xml version="1.0" encoding="UTF-8"?>
<!-- Generated by org.testng.reporters.JUnitReportReporter -->
<testsuite skipped="0" hostname="SHVLSP1556F1D" name="com.aia.join.qa.testcases.SelectmemberTypePageTest" tests="1" failures="0" timestamp="31 Jan 2018 10:29:53 GMT" time="21.688" errors="0">
  <testcase name="selectQualifierClickContinue" time="21.688" classname="com.aia.join.qa.testcases.SelectmemberTypePageTest"/>
</testsuite> <!-- com.aia.join.qa.testcases.SelectmemberTypePageTest -->
